<?xml version="1.0" encoding="UTF-8"?>
<!-- Generated by org.testng.reporters.JUnitXMLReporter -->
<testsuite hostname="LAPTOP-8P0SMJ2T" ignored="0" name="Default test" tests="6" failures="0" timestamp="07 Jul 2020 07:08:11 GMT" time="10.258" errors="0">
  <testcase name="createUserAPIPOSTTest" time="5.631" classname="com.qa.api.gorest.tests.CreateUserTest"/>
  <testcase name="createUserPOSTAPI_Test1" time="0.328" classname="com.qa.api.gorest.tests.CreateUserTest"/>
  <testcase name="createUserPOSTAPI_Test1" time="0.348" classname="com.qa.api.gorest.tests.CreateUserTest"/>
  <testcase name="createUserPOSTAPI_Test1" time="0.356" classname="com.qa.api.gorest.tests.CreateUserTest"/>
  <testcase name="createUserPOSTAPI_Test1" time="0.33" classname="com.qa.api.gorest.tests.CreateUserTest"/>
  <testcase name="createUserPOSTAPI_Test1" time="0.325" classname="com.qa.api.gorest.tests.CreateUserTest"/>
</testsuite> <!-- Default test -->
