<?xml version="1.0" encoding="UTF-8"?>
<!-- Generated by org.testng.reporters.JUnitXMLReporter -->
<testsuite hostname="LAPTOP-8P0SMJ2T" ignored="0" name="Rest API regression Test" tests="8" failures="0" timestamp="11 Jun 2020 15:55:34 GMT" time="8.577" errors="0">
  <testcase name="getAllUserListAPI_Test" time="5.325" classname="com.qa.api.gorest.tests.GetUserTest"/>
  <testcase name="createUserAPIPOSTTest" time="5.22" classname="com.qa.api.gorest.tests.CreateUserTest"/>
  <testcase name="getUserListAPI_WithQueryParams_Test" time="0.545" classname="com.qa.api.gorest.tests.GetUserTest"/>
  <testcase name="createUserPOSTAPI_Test1" time="0.32" classname="com.qa.api.gorest.tests.CreateUserTest"/>
  <testcase name="createUserPOSTAPI_Test1" time="0.316" classname="com.qa.api.gorest.tests.CreateUserTest"/>
  <testcase name="createUserPOSTAPI_Test1" time="0.317" classname="com.qa.api.gorest.tests.CreateUserTest"/>
  <testcase name="createUserPOSTAPI_Test1" time="0.308" classname="com.qa.api.gorest.tests.CreateUserTest"/>
  <testcase name="createUserPOSTAPI_Test1" time="0.317" classname="com.qa.api.gorest.tests.CreateUserTest"/>
</testsuite> <!-- Rest API regression Test -->
